Using pre-set license
Built from '2021.3/staging' branch; Version is '2021.3.19f1 (c9714fde33b6) revision 13201743'; Using compiler version '192829333'; Build Type 'Release'
OS: 'Windows 10  (10.0.19045) 64bit Enterprise' Language: 'en' Physical Memory: 16105 MB
BatchMode: 1, IsHumanControllingUs: 0, StartBugReporterOnCrash: 0, Is64bit: 1, IsPro: 1

COMMAND LINE ARGUMENTS:
C:\Program Files\Unity\Hub\Editor\2021.3.19f1\Editor\Unity.exe
-adb2
-batchMode
-noUpm
-name
AssetImportWorker0
-projectPath
E:/ProgrammingWork/starter-code
-logFile
Logs/AssetImportWorker0.log
-srvPort
50494
Successfully changed project path to: E:/ProgrammingWork/starter-code
E:/ProgrammingWork/starter-code
[UnityMemory] Configuration Parameters - Can be set up in boot.config
    "memorysetup-bucket-allocator-granularity=16"
    "memorysetup-bucket-allocator-bucket-count=8"
    "memorysetup-bucket-allocator-block-size=33554432"
    "memorysetup-bucket-allocator-block-count=8"
    "memorysetup-main-allocator-block-size=16777216"
    "memorysetup-thread-allocator-block-size=16777216"
    "memorysetup-gfx-main-allocator-block-size=16777216"
    "memorysetup-gfx-thread-allocator-block-size=16777216"
    "memorysetup-cache-allocator-block-size=4194304"
    "memorysetup-typetree-allocator-block-size=2097152"
    "memorysetup-profiler-bucket-allocator-granularity=16"
    "memorysetup-profiler-bucket-allocator-bucket-count=8"
    "memorysetup-profiler-bucket-allocator-block-size=33554432"
    "memorysetup-profiler-bucket-allocator-block-count=8"
    "memorysetup-profiler-allocator-block-size=16777216"
    "memorysetup-profiler-editor-allocator-block-size=1048576"
    "memorysetup-temp-allocator-size-main=16777216"
    "memorysetup-job-temp-allocator-block-size=2097152"
    "memorysetup-job-temp-allocator-block-size-background=1048576"
    "memorysetup-job-temp-allocator-reduction-small-platforms=262144"
    "memorysetup-temp-allocator-size-background-worker=32768"
    "memorysetup-temp-allocator-size-job-worker=262144"
    "memorysetup-temp-allocator-size-preload-manager=33554432"
    "memorysetup-temp-allocator-size-nav-mesh-worker=65536"
    "memorysetup-temp-allocator-size-audio-worker=65536"
    "memorysetup-temp-allocator-size-cloud-worker=32768"
    "memorysetup-temp-allocator-size-gi-baking-worker=262144"
    "memorysetup-temp-allocator-size-gfx=262144"
Player connection [12900] Host "[IP] 192.168.127.1 [Port] 0 [Flags] 2 [Guid] 1190472932 [EditorId] 1190472932 [Version] 1048832 [Id] WindowsEditor(7,D202-78637) [Debug] 1 [PackageName] WindowsEditor [ProjectName] Editor" joined multi-casting on [225.0.0.222:54997]...

Player connection [12900] Host "[IP] 192.168.127.1 [Port] 0 [Flags] 2 [Guid] 1190472932 [EditorId] 1190472932 [Version] 1048832 [Id] WindowsEditor(7,D202-78637) [Debug] 1 [PackageName] WindowsEditor [ProjectName] Editor" joined alternative multi-casting on [225.0.0.222:34997]...

Refreshing native plugins compatible for Editor in 18.63 ms, found 0 plugins.
Preloading 0 native plugins for Editor in 0.00 ms.
Initialize engine version: 2021.3.19f1 (c9714fde33b6)
[Subsystems] Discovering subsystems at path C:/Program Files/Unity/Hub/Editor/2021.3.19f1/Editor/Data/Resources/UnitySubsystems
[Subsystems] Discovering subsystems at path E:/ProgrammingWork/starter-code/Assets
GfxDevice: creating device client; threaded=0; jobified=0
Direct3D:
    Version:  Direct3D 11.0 [level 11.1]
    Renderer: AMD Radeon RX 640 (ID=0x6987)
    Vendor:   ATI
    VRAM:     4041 MB
    Driver:   27.20.11044.8003
Initialize mono
Mono path[0] = 'C:/Program Files/Unity/Hub/Editor/2021.3.19f1/Editor/Data/Managed'
Mono path[1] = 'C:/Program Files/Unity/Hub/Editor/2021.3.19f1/Editor/Data/MonoBleedingEdge/lib/mono/unityjit-win32'
Mono config path = 'C:/Program Files/Unity/Hub/Editor/2021.3.19f1/Editor/Data/MonoBleedingEdge/etc'
Using monoOptions --debugger-agent=transport=dt_socket,embedding=1,server=y,suspend=n,address=127.0.0.1:56320
Begin MonoManager ReloadAssembly
Registering precompiled unity dll's ...
Register platform support module: C:/Program Files/Unity/Hub/Editor/2021.3.19f1/Editor/Data/PlaybackEngines/WebGLSupport/UnityEditor.WebGL.Extensions.dll
Register platform support module: C:/Program Files/Unity/Hub/Editor/2021.3.19f1/Editor/Data/PlaybackEngines/WindowsStandaloneSupport/UnityEditor.WindowsStandalone.Extensions.dll
Registered in 0.007879 seconds.
Native extension for WindowsStandalone target not found
Native extension for WebGL target not found
Refreshing native plugins compatible for Editor in 19.47 ms, found 0 plugins.
Preloading 0 native plugins for Editor in 0.00 ms.
Mono: successfully reloaded assembly
- Completed reload, in  0.672 seconds
Domain Reload Profiling:
	ReloadAssembly (673ms)
		BeginReloadAssembly (85ms)
			ExecutionOrderSort (0ms)
			DisableScriptedObjects (0ms)
			BackupInstance (0ms)
			ReleaseScriptingObjects (0ms)
			CreateAndSetChildDomain (1ms)
		EndReloadAssembly (460ms)
			LoadAssemblies (83ms)
			RebuildTransferFunctionScriptingTraits (0ms)
			SetupTypeCache (119ms)
			ReleaseScriptCaches (0ms)
			RebuildScriptCaches (41ms)
			SetupLoadedEditorAssemblies (235ms)
				LogAssemblyErrors (0ms)
				InitializePlatformSupportModulesInManaged (12ms)
				SetLoadedEditorAssemblies (0ms)
				RefreshPlugins (20ms)
				BeforeProcessingInitializeOnLoad (2ms)
				ProcessInitializeOnLoadAttributes (149ms)
				ProcessInitializeOnLoadMethodAttributes (52ms)
				AfterProcessingInitializeOnLoad (0ms)
				EditorAssembliesLoaded (0ms)
			ExecutionOrderSort2 (0ms)
			AwakeInstancesAfterBackupRestoration (0ms)
Platform modules already initialized, skipping
Registering precompiled user dll's ...
Registered in 0.000503 seconds.
Begin MonoManager ReloadAssembly
Native extension for WindowsStandalone target not found
Native extension for WebGL target not found
Refreshing native plugins compatible for Editor in 0.13 ms, found 0 plugins.
Preloading 0 native plugins for Editor in 0.00 ms.
Mono: successfully reloaded assembly
- Completed reload, in  0.836 seconds
Domain Reload Profiling:
	ReloadAssembly (837ms)
		BeginReloadAssembly (130ms)
			ExecutionOrderSort (0ms)
			DisableScriptedObjects (6ms)
			BackupInstance (0ms)
			ReleaseScriptingObjects (0ms)
			CreateAndSetChildDomain (25ms)
		EndReloadAssembly (566ms)
			LoadAssemblies (72ms)
			RebuildTransferFunctionScriptingTraits (0ms)
			SetupTypeCache (156ms)
			ReleaseScriptCaches (0ms)
			RebuildScriptCaches (39ms)
			SetupLoadedEditorAssemblies (238ms)
				LogAssemblyErrors (0ms)
				InitializePlatformSupportModulesInManaged (8ms)
				SetLoadedEditorAssemblies (1ms)
				RefreshPlugins (0ms)
				BeforeProcessingInitializeOnLoad (40ms)
				ProcessInitializeOnLoadAttributes (149ms)
				ProcessInitializeOnLoadMethodAttributes (32ms)
				AfterProcessingInitializeOnLoad (8ms)
				EditorAssembliesLoaded (0ms)
			ExecutionOrderSort2 (0ms)
			AwakeInstancesAfterBackupRestoration (11ms)
Platform modules already initialized, skipping
========================================================================
Worker process is ready to serve import requests
Launched and connected shader compiler UnityShaderCompiler.exe after 0.04 seconds
Refreshing native plugins compatible for Editor in 0.76 ms, found 0 plugins.
Preloading 0 native plugins for Editor in 0.00 ms.
Unloading 672 Unused Serialized files (Serialized files now loaded: 0)
Unloading 13 unused Assets / (56.1 KB). Loaded Objects now: 1151.
Memory consumption went from 41.2 MB to 41.2 MB.
Total: 3.651700 ms (FindLiveObjects: 0.144000 ms CreateObjectMapping: 0.039900 ms MarkObjects: 3.342300 ms  DeleteObjects: 0.123500 ms)

AssetImportParameters requested are different than current active one (requested -> active):
  custom:video-decoder-ogg-theora: a1e56fd34408186e4bbccfd4996cb3dc -> 
  custom:container-muxer-webm: aa71ff27fc2769a1b78a27578f13a17b -> 
  custom:container-demuxer-webm: 4f35f7cbe854078d1ac9338744f61a02 -> 
  custom:video-encoder-webm-vp8: eb34c28f22e8b96e1ab97ce403110664 -> 
  custom:audio-encoder-webm-vorbis: bf7c407c2cedff20999df2af8eb42d56 -> 
  custom:framework-win-MediaFoundation: 216162199b28c13a410421893ffa2e32 -> 
  custom:container-demuxer-ogg: 62fdf1f143b41e24485cea50d1cbac27 -> 
  custom:video-decoder-webm-vp8: 9c59270c3fd7afecdb556c50c9e8de78 -> 
  custom:audio-decoder-ogg-vorbis: bf7c407c2cedff20999df2af8eb42d56 -> 
========================================================================
Received Import Request.
  Time since last request: 836.944619 seconds.
  path: Assets/RW/Scripts/DestroyTimer.cs
  artifactKey: Guid(41dfe46c2009c4c48b776eaf27ed283b) Importer(815301076,1909f56bfc062723c751e8b465ee728b)
Start importing Assets/RW/Scripts/DestroyTimer.cs using Guid(41dfe46c2009c4c48b776eaf27ed283b) Importer(815301076,1909f56bfc062723c751e8b465ee728b)  -> (artifact id: 'cce8154e8d95591243d977e9244cbd46') in 0.070627 seconds 
========================================================================
Received Prepare
Registering precompiled user dll's ...
Registered in 0.000380 seconds.
Begin MonoManager ReloadAssembly
Native extension for WindowsStandalone target not found
Native extension for WebGL target not found
Refreshing native plugins compatible for Editor in 0.20 ms, found 0 plugins.
Preloading 0 native plugins for Editor in 0.00 ms.
Mono: successfully reloaded assembly
- Completed reload, in  0.692 seconds
Domain Reload Profiling:
	ReloadAssembly (693ms)
		BeginReloadAssembly (118ms)
			ExecutionOrderSort (0ms)
			DisableScriptedObjects (6ms)
			BackupInstance (0ms)
			ReleaseScriptingObjects (0ms)
			CreateAndSetChildDomain (25ms)
		EndReloadAssembly (479ms)
			LoadAssemblies (65ms)
			RebuildTransferFunctionScriptingTraits (0ms)
			SetupTypeCache (122ms)
			ReleaseScriptCaches (0ms)
			RebuildScriptCaches (32ms)
			SetupLoadedEditorAssemblies (209ms)
				LogAssemblyErrors (0ms)
				InitializePlatformSupportModulesInManaged (14ms)
				SetLoadedEditorAssemblies (0ms)
				RefreshPlugins (0ms)
				BeforeProcessingInitializeOnLoad (34ms)
				ProcessInitializeOnLoadAttributes (124ms)
				ProcessInitializeOnLoadMethodAttributes (26ms)
				AfterProcessingInitializeOnLoad (9ms)
				EditorAssembliesLoaded (0ms)
			ExecutionOrderSort2 (0ms)
			AwakeInstancesAfterBackupRestoration (11ms)
Platform modules already initialized, skipping
Refreshing native plugins compatible for Editor in 0.28 ms, found 0 plugins.
Preloading 0 native plugins for Editor in 0.00 ms.
Unloading 668 Unused Serialized files (Serialized files now loaded: 0)
Unloading 2 unused Assets / (24.6 KB). Loaded Objects now: 1155.
Memory consumption went from 41.0 MB to 41.0 MB.
Total: 2.809900 ms (FindLiveObjects: 0.093200 ms CreateObjectMapping: 0.023300 ms MarkObjects: 2.670600 ms  DeleteObjects: 0.021300 ms)

AssetImportParameters requested are different than current active one (requested -> active):
  custom:video-decoder-ogg-theora: a1e56fd34408186e4bbccfd4996cb3dc -> 
  custom:container-muxer-webm: aa71ff27fc2769a1b78a27578f13a17b -> 
  custom:container-demuxer-webm: 4f35f7cbe854078d1ac9338744f61a02 -> 
  custom:video-encoder-webm-vp8: eb34c28f22e8b96e1ab97ce403110664 -> 
  custom:audio-encoder-webm-vorbis: bf7c407c2cedff20999df2af8eb42d56 -> 
  custom:framework-win-MediaFoundation: 216162199b28c13a410421893ffa2e32 -> 
  custom:container-demuxer-ogg: 62fdf1f143b41e24485cea50d1cbac27 -> 
  custom:video-decoder-webm-vp8: 9c59270c3fd7afecdb556c50c9e8de78 -> 
  custom:audio-decoder-ogg-vorbis: bf7c407c2cedff20999df2af8eb42d56 -> 
========================================================================
Received Import Request.
  Time since last request: 35.440185 seconds.
  path: Assets/RW/Scripts/DestroyTimer.cs
  artifactKey: Guid(41dfe46c2009c4c48b776eaf27ed283b) Importer(815301076,1909f56bfc062723c751e8b465ee728b)
Start importing Assets/RW/Scripts/DestroyTimer.cs using Guid(41dfe46c2009c4c48b776eaf27ed283b) Importer(815301076,1909f56bfc062723c751e8b465ee728b)  -> (artifact id: '6c728ea6d10c020887d5a613fdcda67b') in 0.037608 seconds 
========================================================================
Received Import Request.
  Time since last request: 27.358169 seconds.
  path: Assets/RW/Prefabs/Heart.prefab
  artifactKey: Guid(94b368561670f58438d37e634316b534) Importer(815301076,1909f56bfc062723c751e8b465ee728b)
Start importing Assets/RW/Prefabs/Heart.prefab using Guid(94b368561670f58438d37e634316b534) Importer(815301076,1909f56bfc062723c751e8b465ee728b)  -> (artifact id: '59f23b4e62c1f924de501bf19fb1b1e3') in 0.133540 seconds 
========================================================================
Received Import Request.
  Time since last request: 2.264632 seconds.
  path: Assets/RW/Prefabs/Heart.prefab
  artifactKey: Guid(94b368561670f58438d37e634316b534) Importer(815301076,1909f56bfc062723c751e8b465ee728b)
Start importing Assets/RW/Prefabs/Heart.prefab using Guid(94b368561670f58438d37e634316b534) Importer(815301076,1909f56bfc062723c751e8b465ee728b)  -> (artifact id: '37bfb404f1141e0e70b28c65599f82f5') in 0.036422 seconds 
========================================================================
Received Import Request.
  Time since last request: 15.401167 seconds.
  path: Assets/RW/Scripts/Sheep.cs
  artifactKey: Guid(bb3910e0f511f2540a54c7f84940b48e) Importer(815301076,1909f56bfc062723c751e8b465ee728b)
Start importing Assets/RW/Scripts/Sheep.cs using Guid(bb3910e0f511f2540a54c7f84940b48e) Importer(815301076,1909f56bfc062723c751e8b465ee728b)  -> (artifact id: '7a81c310ffd77a7ae7747766923947fa') in 0.028931 seconds 
========================================================================
Received Import Request.
  Time since last request: 28.126992 seconds.
  path: Assets/RW/Scripts/Sheep.cs
  artifactKey: Guid(bb3910e0f511f2540a54c7f84940b48e) Importer(815301076,1909f56bfc062723c751e8b465ee728b)
Start importing Assets/RW/Scripts/Sheep.cs using Guid(bb3910e0f511f2540a54c7f84940b48e) Importer(815301076,1909f56bfc062723c751e8b465ee728b)  -> (artifact id: '718d98ce7ff4850874eb3d08dfe61e03') in 0.024644 seconds 
========================================================================
Received Import Request.
  Time since last request: 22.936008 seconds.
  path: Assets/RW/Scripts/Sheep.cs
  artifactKey: Guid(bb3910e0f511f2540a54c7f84940b48e) Importer(815301076,1909f56bfc062723c751e8b465ee728b)
Start importing Assets/RW/Scripts/Sheep.cs using Guid(bb3910e0f511f2540a54c7f84940b48e) Importer(815301076,1909f56bfc062723c751e8b465ee728b)  -> (artifact id: '02f0e85c0cab6d22563a613f3e1eab64') in 0.014596 seconds 
========================================================================
Received Import Request.
  Time since last request: 9.092979 seconds.
  path: Assets/RW/Scripts/Sheep.cs
  artifactKey: Guid(bb3910e0f511f2540a54c7f84940b48e) Importer(815301076,1909f56bfc062723c751e8b465ee728b)
Start importing Assets/RW/Scripts/Sheep.cs using Guid(bb3910e0f511f2540a54c7f84940b48e) Importer(815301076,1909f56bfc062723c751e8b465ee728b)  -> (artifact id: '264103634c6af9dbf5f2a58d763bb492') in 0.013936 seconds 
========================================================================
Received Prepare
Registering precompiled user dll's ...
Registered in 0.000322 seconds.
Begin MonoManager ReloadAssembly
Native extension for WindowsStandalone target not found
Native extension for WebGL target not found
Refreshing native plugins compatible for Editor in 0.12 ms, found 0 plugins.
Preloading 0 native plugins for Editor in 0.00 ms.
Mono: successfully reloaded assembly
- Completed reload, in  0.526 seconds
Domain Reload Profiling:
	ReloadAssembly (526ms)
		BeginReloadAssembly (92ms)
			ExecutionOrderSort (0ms)
			DisableScriptedObjects (5ms)
			BackupInstance (0ms)
			ReleaseScriptingObjects (0ms)
			CreateAndSetChildDomain (19ms)
		EndReloadAssembly (360ms)
			LoadAssemblies (49ms)
			RebuildTransferFunctionScriptingTraits (0ms)
			SetupTypeCache (93ms)
			ReleaseScriptCaches (1ms)
			RebuildScriptCaches (27ms)
			SetupLoadedEditorAssemblies (160ms)
				LogAssemblyErrors (0ms)
				InitializePlatformSupportModulesInManaged (11ms)
				SetLoadedEditorAssemblies (0ms)
				RefreshPlugins (0ms)
				BeforeProcessingInitializeOnLoad (26ms)
				ProcessInitializeOnLoadAttributes (98ms)
				ProcessInitializeOnLoadMethodAttributes (19ms)
				AfterProcessingInitializeOnLoad (5ms)
				EditorAssembliesLoaded (0ms)
			ExecutionOrderSort2 (0ms)
			AwakeInstancesAfterBackupRestoration (6ms)
Platform modules already initialized, skipping
Refreshing native plugins compatible for Editor in 0.22 ms, found 0 plugins.
Preloading 0 native plugins for Editor in 0.00 ms.
Unloading 668 Unused Serialized files (Serialized files now loaded: 0)
Unloading 2 unused Assets / (24.7 KB). Loaded Objects now: 1166.
Memory consumption went from 45.1 MB to 45.0 MB.
Total: 1.875300 ms (FindLiveObjects: 0.069000 ms CreateObjectMapping: 0.016200 ms MarkObjects: 1.771300 ms  DeleteObjects: 0.017100 ms)

AssetImportParameters requested are different than current active one (requested -> active):
  custom:video-decoder-ogg-theora: a1e56fd34408186e4bbccfd4996cb3dc -> 
  custom:container-muxer-webm: aa71ff27fc2769a1b78a27578f13a17b -> 
  custom:container-demuxer-webm: 4f35f7cbe854078d1ac9338744f61a02 -> 
  custom:video-encoder-webm-vp8: eb34c28f22e8b96e1ab97ce403110664 -> 
  custom:audio-encoder-webm-vorbis: bf7c407c2cedff20999df2af8eb42d56 -> 
  custom:framework-win-MediaFoundation: 216162199b28c13a410421893ffa2e32 -> 
  custom:container-demuxer-ogg: 62fdf1f143b41e24485cea50d1cbac27 -> 
  custom:video-decoder-webm-vp8: 9c59270c3fd7afecdb556c50c9e8de78 -> 
  custom:audio-decoder-ogg-vorbis: bf7c407c2cedff20999df2af8eb42d56 -> 
========================================================================
Received Import Request.
  Time since last request: 21.489892 seconds.
  path: Assets/RW/Prefabs/Sheep.prefab
  artifactKey: Guid(4584eba3ab65cc14e8cbd01db9c50422) Importer(815301076,1909f56bfc062723c751e8b465ee728b)
Start importing Assets/RW/Prefabs/Sheep.prefab using Guid(4584eba3ab65cc14e8cbd01db9c50422) Importer(815301076,1909f56bfc062723c751e8b465ee728b)  -> (artifact id: 'c280094d88e11a4309f0a78fdd9aa6b1') in 0.094134 seconds 
========================================================================
Received Import Request.
  Time since last request: 6.911857 seconds.
  path: Assets/RW/Prefabs/Sheep.prefab
  artifactKey: Guid(4584eba3ab65cc14e8cbd01db9c50422) Importer(815301076,1909f56bfc062723c751e8b465ee728b)
Start importing Assets/RW/Prefabs/Sheep.prefab using Guid(4584eba3ab65cc14e8cbd01db9c50422) Importer(815301076,1909f56bfc062723c751e8b465ee728b)  -> (artifact id: '26634d910fba473e1d1a8cc4adf623c8') in 0.040347 seconds 
========================================================================
Received Import Request.
  Time since last request: 9.631368 seconds.
  path: Assets/RW/Prefabs/Sheep.prefab
  artifactKey: Guid(4584eba3ab65cc14e8cbd01db9c50422) Importer(815301076,1909f56bfc062723c751e8b465ee728b)
Start importing Assets/RW/Prefabs/Sheep.prefab using Guid(4584eba3ab65cc14e8cbd01db9c50422) Importer(815301076,1909f56bfc062723c751e8b465ee728b)  -> (artifact id: '3d616ed928ccd0a027d1f1eb4f10b9f0') in 0.036877 seconds 
========================================================================
Received Prepare
Registering precompiled user dll's ...
Registered in 0.000342 seconds.
Begin MonoManager ReloadAssembly
Native extension for WindowsStandalone target not found
Native extension for WebGL target not found
Refreshing native plugins compatible for Editor in 0.12 ms, found 0 plugins.
Preloading 0 native plugins for Editor in 0.00 ms.
Mono: successfully reloaded assembly
- Completed reload, in  0.660 seconds
Domain Reload Profiling:
	ReloadAssembly (661ms)
		BeginReloadAssembly (122ms)
			ExecutionOrderSort (0ms)
			DisableScriptedObjects (6ms)
			BackupInstance (0ms)
			ReleaseScriptingObjects (0ms)
			CreateAndSetChildDomain (22ms)
		EndReloadAssembly (448ms)
			LoadAssemblies (73ms)
			RebuildTransferFunctionScriptingTraits (0ms)
			SetupTypeCache (131ms)
			ReleaseScriptCaches (1ms)
			RebuildScriptCaches (35ms)
			SetupLoadedEditorAssemblies (186ms)
				LogAssemblyErrors (0ms)
				InitializePlatformSupportModulesInManaged (11ms)
				SetLoadedEditorAssemblies (0ms)
				RefreshPlugins (0ms)
				BeforeProcessingInitializeOnLoad (28ms)
				ProcessInitializeOnLoadAttributes (121ms)
				ProcessInitializeOnLoadMethodAttributes (19ms)
				AfterProcessingInitializeOnLoad (5ms)
				EditorAssembliesLoaded (0ms)
			ExecutionOrderSort2 (0ms)
			AwakeInstancesAfterBackupRestoration (7ms)
Platform modules already initialized, skipping
Refreshing native plugins compatible for Editor in 0.42 ms, found 0 plugins.
Preloading 0 native plugins for Editor in 0.00 ms.
Unloading 668 Unused Serialized files (Serialized files now loaded: 0)
Unloading 2 unused Assets / (24.6 KB). Loaded Objects now: 1169.
Memory consumption went from 45.1 MB to 45.1 MB.
Total: 5.077100 ms (FindLiveObjects: 0.118000 ms CreateObjectMapping: 0.030600 ms MarkObjects: 4.899800 ms  DeleteObjects: 0.026700 ms)

AssetImportParameters requested are different than current active one (requested -> active):
  custom:video-decoder-ogg-theora: a1e56fd34408186e4bbccfd4996cb3dc -> 
  custom:container-muxer-webm: aa71ff27fc2769a1b78a27578f13a17b -> 
  custom:container-demuxer-webm: 4f35f7cbe854078d1ac9338744f61a02 -> 
  custom:video-encoder-webm-vp8: eb34c28f22e8b96e1ab97ce403110664 -> 
  custom:audio-encoder-webm-vorbis: bf7c407c2cedff20999df2af8eb42d56 -> 
  custom:framework-win-MediaFoundation: 216162199b28c13a410421893ffa2e32 -> 
  custom:container-demuxer-ogg: 62fdf1f143b41e24485cea50d1cbac27 -> 
  custom:video-decoder-webm-vp8: 9c59270c3fd7afecdb556c50c9e8de78 -> 
  custom:audio-decoder-ogg-vorbis: bf7c407c2cedff20999df2af8eb42d56 -> 
========================================================================
Received Import Request.
  Time since last request: 127.485178 seconds.
  path: Assets/RW/Scripts/AudioManager.cs
  artifactKey: Guid(d047974d7852ca6449f0d5d74d4b4cb8) Importer(815301076,1909f56bfc062723c751e8b465ee728b)
Start importing Assets/RW/Scripts/AudioManager.cs using Guid(d047974d7852ca6449f0d5d74d4b4cb8) Importer(815301076,1909f56bfc062723c751e8b465ee728b)  -> (artifact id: 'd874453750dfa4edf5d7ed7e3b39fd64') in 0.040227 seconds 
========================================================================
Received Import Request.
  Time since last request: 23.755123 seconds.
  path: Assets/RW/Scripts/AudioManager.cs
  artifactKey: Guid(d047974d7852ca6449f0d5d74d4b4cb8) Importer(815301076,1909f56bfc062723c751e8b465ee728b)
Start importing Assets/RW/Scripts/AudioManager.cs using Guid(d047974d7852ca6449f0d5d74d4b4cb8) Importer(815301076,1909f56bfc062723c751e8b465ee728b)  -> (artifact id: 'a47be6a24f4f76455ee9560abf59b505') in 0.025828 seconds 
========================================================================
Received Import Request.
  Time since last request: 8.182134 seconds.
  path: Assets/RW/Scripts/AudioManager.cs
  artifactKey: Guid(d047974d7852ca6449f0d5d74d4b4cb8) Importer(815301076,1909f56bfc062723c751e8b465ee728b)
Start importing Assets/RW/Scripts/AudioManager.cs using Guid(d047974d7852ca6449f0d5d74d4b4cb8) Importer(815301076,1909f56bfc062723c751e8b465ee728b)  -> (artifact id: '4f7d8f7ff64f95b684e8e7f66cf3ac4c') in 0.036864 seconds 
========================================================================
Received Import Request.
  Time since last request: 2.256615 seconds.
  path: Assets/RW/Scripts/AudioManager.cs
  artifactKey: Guid(d047974d7852ca6449f0d5d74d4b4cb8) Importer(815301076,1909f56bfc062723c751e8b465ee728b)
Start importing Assets/RW/Scripts/AudioManager.cs using Guid(d047974d7852ca6449f0d5d74d4b4cb8) Importer(815301076,1909f56bfc062723c751e8b465ee728b)  -> (artifact id: '64b271138ce57fe94dc2dbda659bf8ea') in 0.014419 seconds 
========================================================================
Received Import Request.
  Time since last request: 51.663645 seconds.
  path: Assets/RW/Scripts/AudioManager.cs
  artifactKey: Guid(d047974d7852ca6449f0d5d74d4b4cb8) Importer(815301076,1909f56bfc062723c751e8b465ee728b)
Start importing Assets/RW/Scripts/AudioManager.cs using Guid(d047974d7852ca6449f0d5d74d4b4cb8) Importer(815301076,1909f56bfc062723c751e8b465ee728b)  -> (artifact id: '686ddd4c12d91d6786e5fbd94b49ef5a') in 0.015426 seconds 
========================================================================
Received Import Request.
  Time since last request: 20.939723 seconds.
  path: Assets/RW/Scripts/AudioManager.cs
  artifactKey: Guid(d047974d7852ca6449f0d5d74d4b4cb8) Importer(815301076,1909f56bfc062723c751e8b465ee728b)
Start importing Assets/RW/Scripts/AudioManager.cs using Guid(d047974d7852ca6449f0d5d74d4b4cb8) Importer(815301076,1909f56bfc062723c751e8b465ee728b)  -> (artifact id: 'b3c9ec7178dea33c1df378472e0e739f') in 0.015319 seconds 
========================================================================
Received Prepare
Registering precompiled user dll's ...
Registered in 0.000389 seconds.
Begin MonoManager ReloadAssembly
Native extension for WindowsStandalone target not found
Native extension for WebGL target not found
Refreshing native plugins compatible for Editor in 0.11 ms, found 0 plugins.
Preloading 0 native plugins for Editor in 0.00 ms.
Mono: successfully reloaded assembly
- Completed reload, in  0.544 seconds
Domain Reload Profiling:
	ReloadAssembly (544ms)
		BeginReloadAssembly (94ms)
			ExecutionOrderSort (0ms)
			DisableScriptedObjects (5ms)
			BackupInstance (0ms)
			ReleaseScriptingObjects (0ms)
			CreateAndSetChildDomain (23ms)
		EndReloadAssembly (374ms)
			LoadAssemblies (48ms)
			RebuildTransferFunctionScriptingTraits (0ms)
			SetupTypeCache (97ms)
			ReleaseScriptCaches (0ms)
			RebuildScriptCaches (23ms)
			SetupLoadedEditorAssemblies (169ms)
				LogAssemblyErrors (0ms)
				InitializePlatformSupportModulesInManaged (11ms)
				SetLoadedEditorAssemblies (0ms)
				RefreshPlugins (0ms)
				BeforeProcessingInitializeOnLoad (27ms)
				ProcessInitializeOnLoadAttributes (101ms)
				ProcessInitializeOnLoadMethodAttributes (24ms)
				AfterProcessingInitializeOnLoad (5ms)
				EditorAssembliesLoaded (0ms)
			ExecutionOrderSort2 (0ms)
			AwakeInstancesAfterBackupRestoration (7ms)
Platform modules already initialized, skipping
Refreshing native plugins compatible for Editor in 0.20 ms, found 0 plugins.
Preloading 0 native plugins for Editor in 0.00 ms.
Unloading 669 Unused Serialized files (Serialized files now loaded: 0)
Unloading 2 unused Assets / (24.7 KB). Loaded Objects now: 1173.
Memory consumption went from 45.1 MB to 45.1 MB.
Total: 1.805200 ms (FindLiveObjects: 0.068200 ms CreateObjectMapping: 0.015300 ms MarkObjects: 1.704400 ms  DeleteObjects: 0.016100 ms)

AssetImportParameters requested are different than current active one (requested -> active):
  custom:video-decoder-ogg-theora: a1e56fd34408186e4bbccfd4996cb3dc -> 
  custom:container-muxer-webm: aa71ff27fc2769a1b78a27578f13a17b -> 
  custom:container-demuxer-webm: 4f35f7cbe854078d1ac9338744f61a02 -> 
  custom:video-encoder-webm-vp8: eb34c28f22e8b96e1ab97ce403110664 -> 
  custom:audio-encoder-webm-vorbis: bf7c407c2cedff20999df2af8eb42d56 -> 
  custom:framework-win-MediaFoundation: 216162199b28c13a410421893ffa2e32 -> 
  custom:container-demuxer-ogg: 62fdf1f143b41e24485cea50d1cbac27 -> 
  custom:video-decoder-webm-vp8: 9c59270c3fd7afecdb556c50c9e8de78 -> 
  custom:audio-decoder-ogg-vorbis: bf7c407c2cedff20999df2af8eb42d56 -> 
========================================================================
Received Prepare
Registering precompiled user dll's ...
Registered in 0.000511 seconds.
Begin MonoManager ReloadAssembly
Native extension for WindowsStandalone target not found
Native extension for WebGL target not found
Refreshing native plugins compatible for Editor in 0.16 ms, found 0 plugins.
Preloading 0 native plugins for Editor in 0.00 ms.
Mono: successfully reloaded assembly
- Completed reload, in  0.549 seconds
Domain Reload Profiling:
	ReloadAssembly (550ms)
		BeginReloadAssembly (95ms)
			ExecutionOrderSort (0ms)
			DisableScriptedObjects (5ms)
			BackupInstance (0ms)
			ReleaseScriptingObjects (0ms)
			CreateAndSetChildDomain (20ms)
		EndReloadAssembly (376ms)
			LoadAssemblies (52ms)
			RebuildTransferFunctionScriptingTraits (0ms)
			SetupTypeCache (98ms)
			ReleaseScriptCaches (0ms)
			RebuildScriptCaches (23ms)
			SetupLoadedEditorAssemblies (171ms)
				LogAssemblyErrors (0ms)
				InitializePlatformSupportModulesInManaged (11ms)
				SetLoadedEditorAssemblies (0ms)
				RefreshPlugins (0ms)
				BeforeProcessingInitializeOnLoad (28ms)
				ProcessInitializeOnLoadAttributes (108ms)
				ProcessInitializeOnLoadMethodAttributes (19ms)
				AfterProcessingInitializeOnLoad (4ms)
				EditorAssembliesLoaded (0ms)
			ExecutionOrderSort2 (0ms)
			AwakeInstancesAfterBackupRestoration (6ms)
Platform modules already initialized, skipping
Refreshing native plugins compatible for Editor in 0.21 ms, found 0 plugins.
Preloading 0 native plugins for Editor in 0.00 ms.
Unloading 669 Unused Serialized files (Serialized files now loaded: 0)
Unloading 2 unused Assets / (24.7 KB). Loaded Objects now: 1176.
Memory consumption went from 45.1 MB to 45.1 MB.
Total: 2.019800 ms (FindLiveObjects: 0.076300 ms CreateObjectMapping: 0.022700 ms MarkObjects: 1.894000 ms  DeleteObjects: 0.025100 ms)

AssetImportParameters requested are different than current active one (requested -> active):
  custom:video-decoder-ogg-theora: a1e56fd34408186e4bbccfd4996cb3dc -> 
  custom:container-muxer-webm: aa71ff27fc2769a1b78a27578f13a17b -> 
  custom:container-demuxer-webm: 4f35f7cbe854078d1ac9338744f61a02 -> 
  custom:video-encoder-webm-vp8: eb34c28f22e8b96e1ab97ce403110664 -> 
  custom:audio-encoder-webm-vorbis: bf7c407c2cedff20999df2af8eb42d56 -> 
  custom:framework-win-MediaFoundation: 216162199b28c13a410421893ffa2e32 -> 
  custom:container-demuxer-ogg: 62fdf1f143b41e24485cea50d1cbac27 -> 
  custom:video-decoder-webm-vp8: 9c59270c3fd7afecdb556c50c9e8de78 -> 
  custom:audio-decoder-ogg-vorbis: bf7c407c2cedff20999df2af8eb42d56 -> 
========================================================================
Received Prepare
Registering precompiled user dll's ...
Registered in 0.000488 seconds.
Begin MonoManager ReloadAssembly
Native extension for WindowsStandalone target not found
Native extension for WebGL target not found
Refreshing native plugins compatible for Editor in 0.24 ms, found 0 plugins.
Preloading 0 native plugins for Editor in 0.00 ms.
Mono: successfully reloaded assembly
- Completed reload, in  0.545 seconds
Domain Reload Profiling:
	ReloadAssembly (545ms)
		BeginReloadAssembly (92ms)
			ExecutionOrderSort (0ms)
			DisableScriptedObjects (6ms)
			BackupInstance (0ms)
			ReleaseScriptingObjects (0ms)
			CreateAndSetChildDomain (20ms)
		EndReloadAssembly (373ms)
			LoadAssemblies (48ms)
			RebuildTransferFunctionScriptingTraits (0ms)
			SetupTypeCache (94ms)
			ReleaseScriptCaches (0ms)
			RebuildScriptCaches (21ms)
			SetupLoadedEditorAssemblies (166ms)
				LogAssemblyErrors (0ms)
				InitializePlatformSupportModulesInManaged (12ms)
				SetLoadedEditorAssemblies (1ms)
				RefreshPlugins (0ms)
				BeforeProcessingInitializeOnLoad (26ms)
				ProcessInitializeOnLoadAttributes (104ms)
				ProcessInitializeOnLoadMethodAttributes (19ms)
				AfterProcessingInitializeOnLoad (5ms)
				EditorAssembliesLoaded (0ms)
			ExecutionOrderSort2 (0ms)
			AwakeInstancesAfterBackupRestoration (6ms)
Platform modules already initialized, skipping
Refreshing native plugins compatible for Editor in 0.30 ms, found 0 plugins.
Preloading 0 native plugins for Editor in 0.00 ms.
Unloading 669 Unused Serialized files (Serialized files now loaded: 0)
Unloading 2 unused Assets / (24.6 KB). Loaded Objects now: 1179.
Memory consumption went from 45.1 MB to 45.1 MB.
Total: 2.075200 ms (FindLiveObjects: 0.099200 ms CreateObjectMapping: 0.035900 ms MarkObjects: 1.922500 ms  DeleteObjects: 0.016500 ms)

AssetImportParameters requested are different than current active one (requested -> active):
  custom:video-decoder-ogg-theora: a1e56fd34408186e4bbccfd4996cb3dc -> 
  custom:container-muxer-webm: aa71ff27fc2769a1b78a27578f13a17b -> 
  custom:container-demuxer-webm: 4f35f7cbe854078d1ac9338744f61a02 -> 
  custom:video-encoder-webm-vp8: eb34c28f22e8b96e1ab97ce403110664 -> 
  custom:audio-encoder-webm-vorbis: bf7c407c2cedff20999df2af8eb42d56 -> 
  custom:framework-win-MediaFoundation: 216162199b28c13a410421893ffa2e32 -> 
  custom:container-demuxer-ogg: 62fdf1f143b41e24485cea50d1cbac27 -> 
  custom:video-decoder-webm-vp8: 9c59270c3fd7afecdb556c50c9e8de78 -> 
  custom:audio-decoder-ogg-vorbis: bf7c407c2cedff20999df2af8eb42d56 -> 
========================================================================
Received Prepare
Registering precompiled user dll's ...
Registered in 0.000382 seconds.
Begin MonoManager ReloadAssembly
Native extension for WindowsStandalone target not found
Native extension for WebGL target not found
Refreshing native plugins compatible for Editor in 0.12 ms, found 0 plugins.
Preloading 0 native plugins for Editor in 0.00 ms.
Mono: successfully reloaded assembly
- Completed reload, in  0.545 seconds
Domain Reload Profiling:
	ReloadAssembly (546ms)
		BeginReloadAssembly (95ms)
			ExecutionOrderSort (0ms)
			DisableScriptedObjects (5ms)
			BackupInstance (0ms)
			ReleaseScriptingObjects (0ms)
			CreateAndSetChildDomain (21ms)
		EndReloadAssembly (374ms)
			LoadAssemblies (51ms)
			RebuildTransferFunctionScriptingTraits (0ms)
			SetupTypeCache (90ms)
			ReleaseScriptCaches (0ms)
			RebuildScriptCaches (22ms)
			SetupLoadedEditorAssemblies (184ms)
				LogAssemblyErrors (0ms)
				InitializePlatformSupportModulesInManaged (10ms)
				SetLoadedEditorAssemblies (0ms)
				RefreshPlugins (0ms)
				BeforeProcessingInitializeOnLoad (30ms)
				ProcessInitializeOnLoadAttributes (115ms)
				ProcessInitializeOnLoadMethodAttributes (24ms)
				AfterProcessingInitializeOnLoad (5ms)
				EditorAssembliesLoaded (0ms)
			ExecutionOrderSort2 (0ms)
			AwakeInstancesAfterBackupRestoration (6ms)
Platform modules already initialized, skipping
Refreshing native plugins compatible for Editor in 0.22 ms, found 0 plugins.
Preloading 0 native plugins for Editor in 0.00 ms.
Unloading 669 Unused Serialized files (Serialized files now loaded: 0)
Unloading 2 unused Assets / (24.6 KB). Loaded Objects now: 1182.
Memory consumption went from 45.1 MB to 45.1 MB.
Total: 1.984400 ms (FindLiveObjects: 0.070200 ms CreateObjectMapping: 0.014700 ms MarkObjects: 1.879500 ms  DeleteObjects: 0.018400 ms)

AssetImportParameters requested are different than current active one (requested -> active):
  custom:video-decoder-ogg-theora: a1e56fd34408186e4bbccfd4996cb3dc -> 
  custom:container-muxer-webm: aa71ff27fc2769a1b78a27578f13a17b -> 
  custom:container-demuxer-webm: 4f35f7cbe854078d1ac9338744f61a02 -> 
  custom:video-encoder-webm-vp8: eb34c28f22e8b96e1ab97ce403110664 -> 
  custom:audio-encoder-webm-vorbis: bf7c407c2cedff20999df2af8eb42d56 -> 
  custom:framework-win-MediaFoundation: 216162199b28c13a410421893ffa2e32 -> 
  custom:container-demuxer-ogg: 62fdf1f143b41e24485cea50d1cbac27 -> 
  custom:video-decoder-webm-vp8: 9c59270c3fd7afecdb556c50c9e8de78 -> 
  custom:audio-decoder-ogg-vorbis: bf7c407c2cedff20999df2af8eb42d56 -> 
